<?xml version="1.0" encoding="UTF-8"?>
<!-- Generated by org.testng.reporters.JUnitReportReporter -->
<testsuite skipped="0" hostname="Anils-Air" name="testpackage.macys" tests="4" failures="0" timestamp="12 May 2017 21:41:56 GMT" time="12.246" errors="0">
  <testcase name="itemSearchFunctionality" time="6.615" classname="testpackage.macys"/>
  <testcase name="calculateItemCountPerPage" time="0.094" classname="testpackage.macys"/>
  <testcase name="sortPriceByLowToHigh" time="4.930" classname="testpackage.macys"/>
  <testcase name="getReviewsOfCustomersTopRated" time="0.607" classname="testpackage.macys"/>
</testsuite> <!-- testpackage.macys -->
