<?xml version="1.0" encoding="UTF-8"?>
<!-- Generated by org.testng.reporters.JUnitReportReporter -->
<testsuite skipped="0" hostname="Anils-Air" name="MMP.mmptestcases2" tests="3" failures="0" timestamp="26 May 2017 15:29:22 GMT" time="26.609" errors="0">
  <testcase name="screenshot" time="0.925" classname="MMP.mmptestcases2"/>
  <testcase name="loginfunctionality" time="24.838" classname="MMP.mmptestcases2"/>
  <testcase name="verifysearchsymptoms" time="0.846" classname="MMP.mmptestcases2"/>
</testsuite> <!-- MMP.mmptestcases2 -->
